Using pre-set license
Built from '2020.3/release' branch; Version is '2020.3.31f1 (6b54b7616050) revision 7034039'; Using compiler version '192528614'; Build Type 'Release'
OS: 'Windows 11  (10.0.22000) 64bit Core' Language: 'en' Physical Memory: 16332 MB
BatchMode: 1, IsHumanControllingUs: 0, StartBugReporterOnCrash: 0, Is64bit: 1, IsPro: 0

COMMAND LINE ARGUMENTS:
C:\Program Files\Unity\Hub\Editor\2020.3.31f1\Editor\Unity.exe
-adb2
-batchMode
-noUpm
-name
AssetImportWorker0
-projectPath
C:/Users/Fernando Bernal/Documents/GitHub/FinalVR/My project
-logFile
Logs/AssetImportWorker0.log
-srvPort
55797
Successfully changed project path to: C:/Users/Fernando Bernal/Documents/GitHub/FinalVR/My project
C:/Users/Fernando Bernal/Documents/GitHub/FinalVR/My project
Using Asset Import Pipeline V2.
Refreshing native plugins compatible for Editor in 68.31 ms, found 11 plugins.
Preloading 2 native plugins for Editor in 2.48 ms.
Initialize engine version: 2020.3.31f1 (6b54b7616050)
[Subsystems] Discovering subsystems at path C:/Program Files/Unity/Hub/Editor/2020.3.31f1/Editor/Data/Resources/UnitySubsystems
[Subsystems] Discovering subsystems at path C:/Users/Fernando Bernal/Documents/GitHub/FinalVR/My project/Assets
GfxDevice: creating device client; threaded=0
Direct3D:
    Version:  Direct3D 11.0 [level 11.1]
    Renderer: Radeon RX 570 Series (ID=0x67df)
    Vendor:   
    VRAM:     8171 MB
    Driver:   30.0.13023.4001
Initialize mono
Mono path[0] = 'C:/Program Files/Unity/Hub/Editor/2020.3.31f1/Editor/Data/Managed'
Mono path[1] = 'C:/Program Files/Unity/Hub/Editor/2020.3.31f1/Editor/Data/MonoBleedingEdge/lib/mono/unityjit'
Mono config path = 'C:/Program Files/Unity/Hub/Editor/2020.3.31f1/Editor/Data/MonoBleedingEdge/etc'
Using monoOptions --debugger-agent=transport=dt_socket,embedding=1,server=y,suspend=n,address=127.0.0.1:56652
Begin MonoManager ReloadAssembly
Registering precompiled unity dll's ...
Register platform support module: C:/Program Files/Unity/Hub/Editor/2020.3.31f1/Editor/Data/PlaybackEngines/WindowsStandaloneSupport/UnityEditor.WindowsStandalone.Extensions.dll
Registered in 0.002415 seconds.
Native extension for WindowsStandalone target not found
Refreshing native plugins compatible for Editor in 50.27 ms, found 11 plugins.
Preloading 2 native plugins for Editor in 0.19 ms.
Mono: successfully reloaded assembly
- Completed reload, in  0.614 seconds
Domain Reload Profiling:
	ReloadAssembly (614ms)
		BeginReloadAssembly (71ms)
			ExecutionOrderSort (0ms)
			DisableScriptedObjects (0ms)
			BackupInstance (0ms)
			ReleaseScriptingObjects (0ms)
			CreateAndSetChildDomain (1ms)
		EndReloadAssembly (462ms)
			LoadAssemblies (67ms)
			RebuildTransferFunctionScriptingTraits (0ms)
			SetupTypeCache (150ms)
			ReleaseScriptCaches (0ms)
			RebuildScriptCaches (27ms)
			SetupLoadedEditorAssemblies (176ms)
				LogAssemblyErrors (0ms)
				InitializePlatformSupportModulesInManaged (4ms)
				SetLoadedEditorAssemblies (0ms)
				RefreshPlugins (51ms)
				BeforeProcessingInitializeOnLoad (13ms)
				ProcessInitializeOnLoadAttributes (81ms)
				ProcessInitializeOnLoadMethodAttributes (27ms)
				AfterProcessingInitializeOnLoad (0ms)
				EditorAssembliesLoaded (0ms)
			ExecutionOrderSort2 (0ms)
			AwakeInstancesAfterBackupRestoration (0ms)
Platform modules already initialized, skipping
Registering precompiled user dll's ...
Registered in 0.013753 seconds.
Begin MonoManager ReloadAssembly
Native extension for WindowsStandalone target not found
Refreshing native plugins compatible for Editor in 0.70 ms, found 11 plugins.
Preloading 2 native plugins for Editor in 0.21 ms.
[XR] OculusXRPlugin: registering subsystems
[XR] Unable to register display lifecyle provider: [1]
[XR] Oculus Input lifecycle provider registered.
[XR] Unable to register input lifecyle provider: [1]
System.Reflection.TargetInvocationException: Exception has been thrown by the target of an invocation. ---> System.NullReferenceException: Object reference not set to an instance of an object
  at Unity.XR.Oculus.OculusLoader.AssetPathToAbsolutePath (System.String assetPath) [0x00048] in C:\Users\Fernando Bernal\Documents\GitHub\ALVR\My project\Library\PackageCache\com.unity.xr.oculus@1.11.2\Runtime\OculusLoader.cs:250 
  at Unity.XR.Oculus.OculusLoader.EditorLoadOVRPlugin () [0x0007b] in C:\Users\Fernando Bernal\Documents\GitHub\ALVR\My project\Library\PackageCache\com.unity.xr.oculus@1.11.2\Runtime\OculusLoader.cs:235 
  at (wrapper managed-to-native) System.Reflection.MonoMethod.InternalInvoke(System.Reflection.MonoMethod,object,object[],System.Exception&)
  at System.Reflection.MonoMethod.Invoke (System.Object obj, System.Reflection.BindingFlags invokeAttr, System.Reflection.Binder binder, System.Object[] parameters, System.Globalization.CultureInfo culture) [0x00032] in <695d1cc93cca45069c528c15c9fdd749>:0 
   --- End of inner exception stack trace ---
  at System.Reflection.MonoMethod.Invoke (System.Object obj, System.Reflection.BindingFlags invokeAttr, System.Reflection.Binder binder, System.Object[] parameters, System.Globalization.CultureInfo culture) [0x00048] in <695d1cc93cca45069c528c15c9fdd749>:0 
  at System.Reflection.MethodBase.Invoke (System.Object obj, System.Object[] parameters) [0x00000] in <695d1cc93cca45069c528c15c9fdd749>:0 
  at UnityEditor.EditorAssemblies.ProcessInitializeOnLoadMethodAttributes () [0x00047] in <9f01bdfe2db54f738bae09d12d90e1b8>:0 
UnityEngine.StackTraceUtility:ExtractStackTrace ()
UnityEngine.DebugLogHandler:LogFormat (UnityEngine.LogType,UnityEngine.Object,string,object[])
UnityEngine.Logger:Log (UnityEngine.LogType,object)
UnityEngine.Debug:LogError (object)
UnityEditor.EditorAssemblies:ProcessInitializeOnLoadMethodAttributes ()

Mono: successfully reloaded assembly
- Completed reload, in  1.112 seconds
Domain Reload Profiling:
	ReloadAssembly (1113ms)
		BeginReloadAssembly (159ms)
			ExecutionOrderSort (0ms)
			DisableScriptedObjects (5ms)
			BackupInstance (0ms)
			ReleaseScriptingObjects (0ms)
			CreateAndSetChildDomain (18ms)
		EndReloadAssembly (881ms)
			LoadAssemblies (109ms)
			RebuildTransferFunctionScriptingTraits (0ms)
			SetupTypeCache (283ms)
			ReleaseScriptCaches (0ms)
			RebuildScriptCaches (43ms)
			SetupLoadedEditorAssemblies (348ms)
				LogAssemblyErrors (0ms)
				InitializePlatformSupportModulesInManaged (5ms)
				SetLoadedEditorAssemblies (1ms)
				RefreshPlugins (1ms)
				BeforeProcessingInitializeOnLoad (110ms)
				ProcessInitializeOnLoadAttributes (199ms)
				ProcessInitializeOnLoadMethodAttributes (22ms)
				AfterProcessingInitializeOnLoad (10ms)
				EditorAssembliesLoaded (0ms)
			ExecutionOrderSort2 (0ms)
			AwakeInstancesAfterBackupRestoration (6ms)
Platform modules already initialized, skipping
========================================================================
Worker process is ready to serve import requests
Launched and connected shader compiler UnityShaderCompiler.exe after 0.05 seconds
Refreshing native plugins compatible for Editor in 0.69 ms, found 11 plugins.
Preloading 2 native plugins for Editor in 0.19 ms.
Unloading 2077 Unused Serialized files (Serialized files now loaded: 0)
System memory in use before: 106.4 MB.
System memory in use after: 106.5 MB.

Unloading 18 unused Assets to reduce memory usage. Loaded Objects now: 2545.
Total: 3.015100 ms (FindLiveObjects: 0.168200 ms CreateObjectMapping: 0.051500 ms MarkObjects: 2.766800 ms  DeleteObjects: 0.027600 ms)

AssetImportParameters requested are different than current active one (requested -> active):
  custom:framework-win-MediaFoundation: 216162199b28c13a410421893ffa2e32 -> 
  custom:video-decoder-ogg-theora: a1e56fd34408186e4bbccfd4996cb3dc -> 
  custom:container-muxer-webm: aa71ff27fc2769a1b78a27578f13a17b -> 
  custom:container-demuxer-webm: 4f35f7cbe854078d1ac9338744f61a02 -> 
  custom:container-demuxer-ogg: 62fdf1f143b41e24485cea50d1cbac27 -> 
  custom:video-encoder-webm-vp8: eb34c28f22e8b96e1ab97ce403110664 -> 
  custom:video-decoder-webm-vp8: 9c59270c3fd7afecdb556c50c9e8de78 -> 
  custom:audio-decoder-ogg-vorbis: bf7c407c2cedff20999df2af8eb42d56 -> 
  custom:audio-encoder-webm-vorbis: bf7c407c2cedff20999df2af8eb42d56 -> 
========================================================================
Received Import Request.
  path: Assets/Modelos/Materials/BACULO_phong1_BaseColor.mat
  artifactKey: Guid(b781e37d9db77cf49adaab42f5c04b86) Importer(815301076,1909f56bfc062723c751e8b465ee728b)
Start importing Assets/Modelos/Materials/BACULO_phong1_BaseColor.mat using Guid(b781e37d9db77cf49adaab42f5c04b86) Importer(815301076,1909f56bfc062723c751e8b465ee728b)  -> (artifact id: '22512ac02a9641c9f2ee545fe54da0ee') in 0.110104 seconds 
========================================================================
Received Import Request.
  Time since last request: 3.133296 seconds.
  path: Assets/Modelos/OculusHandModels1.0/textures/New Material.mat
  artifactKey: Guid(a575c407467357d4fb68ba09005fafe6) Importer(815301076,1909f56bfc062723c751e8b465ee728b)
Start importing Assets/Modelos/OculusHandModels1.0/textures/New Material.mat using Guid(a575c407467357d4fb68ba09005fafe6) Importer(815301076,1909f56bfc062723c751e8b465ee728b)  -> (artifact id: 'a933555e9caa6aa0a5904690f5add85b') in 0.032461 seconds 
========================================================================
Received Import Request.
  Time since last request: 79.125145 seconds.
  path: Assets/Modelos/OculusHandModels1.0/LeftHand.mb
  artifactKey: Guid(ef9ee726b3617044dab4aadb0f9763dd) Importer(815301076,1909f56bfc062723c751e8b465ee728b)
Start importing Assets/Modelos/OculusHandModels1.0/LeftHand.mb using Guid(ef9ee726b3617044dab4aadb0f9763dd) Importer(815301076,1909f56bfc062723c751e8b465ee728b)  -> (artifact id: '8c5ba1b0ccf7f4314fa98150af0f29a5') in 0.067943 seconds 
========================================================================
Received Import Request.
  Time since last request: 5.419501 seconds.
  path: Assets/Modelos/OculusHandModels1.0/Materials
  artifactKey: Guid(a1de4edd6b1e0c44296d51417a82219b) Importer(815301076,1909f56bfc062723c751e8b465ee728b)
Start importing Assets/Modelos/OculusHandModels1.0/Materials using Guid(a1de4edd6b1e0c44296d51417a82219b) Importer(815301076,1909f56bfc062723c751e8b465ee728b)  -> (artifact id: '96ea6a1bf0fd405a1a64f60533df74f0') in 0.002963 seconds 
========================================================================
Received Import Request.
  Time since last request: 0.052865 seconds.
  path: Assets/Modelos/OculusHandModels1.0/Materials/default3.mat
  artifactKey: Guid(b01a9567ef105614485b1fcf929903d3) Importer(815301076,1909f56bfc062723c751e8b465ee728b)
Start importing Assets/Modelos/OculusHandModels1.0/Materials/default3.mat using Guid(b01a9567ef105614485b1fcf929903d3) Importer(815301076,1909f56bfc062723c751e8b465ee728b)  -> (artifact id: '6369ff86b721e2f33d715ebadc5b1c2e') in 0.009830 seconds 
========================================================================
Received Import Request.
  Time since last request: 243.291517 seconds.
  path: Assets/Modelos/textures/New Material.mat
  artifactKey: Guid(adef023a44948f6418833fb7c4e6790d) Importer(815301076,1909f56bfc062723c751e8b465ee728b)
Start importing Assets/Modelos/textures/New Material.mat using Guid(adef023a44948f6418833fb7c4e6790d) Importer(815301076,1909f56bfc062723c751e8b465ee728b)  -> (artifact id: '495448b021f3bc78e46033e450279317') in 0.019101 seconds 
AssetImportWorkerClient::OnTransportError - code=2 error=End of file
